============================= test session starts =============================
platform win32 -- Python 3.14.0, pytest-9.0.3, pluggy-1.6.0 -- C:\Python314\python.exe
cachedir: .pytest_cache
rootdir: E:\World Cup prediction model\world-cup-2026-ai-predictor
plugins: anyio-4.13.0
collecting ... collected 261 items

tests/test_advanced_models.py::test_build_hist_gradient_boosting_model_returns_model PASSED [  0%]
tests/test_advanced_models.py::test_build_advanced_models_always_includes_hist_gradient_boosting PASSED [  0%]
tests/test_advanced_models.py::test_optional_models_absence_does_not_fail PASSED [  1%]
tests/test_api_explanation.py::test_explain_future_match_endpoint FAILED [  1%]
tests/test_award_reports.py::test_create_world_cup_awards_markdown_report_returns_markdown_string PASSED [  1%]
tests/test_award_reports.py::test_create_combined_awards_table_returns_expected_columns PASSED [  2%]
tests/test_awards_scripts.py::test_generate_world_cup_awards_script_smoke PASSED [  2%]
tests/test_awards_scripts.py::test_generate_golden_ball_compatibility_script_smoke PASSED [  3%]
tests/test_awards_scripts.py::test_inspect_world_cup_awards_script_smoke PASSED [  3%]
tests/test_awards_scripts.py::test_inspect_golden_ball_compatibility_script_smoke PASSED [  3%]
tests/test_backtesting.py::test_run_single_backtest_returns_metrics PASSED [  4%]
tests/test_backtesting.py::test_run_temporal_backtests_returns_dataframe PASSED [  4%]
tests/test_backtesting.py::test_run_temporal_backtests_handles_failed_builder PASSED [  4%]
tests/test_build_features.py::test_add_match_context_features_creates_expected_columns PASSED [  5%]
tests/test_build_features.py::test_add_host_flags_correctly_flags_hosts PASSED [  5%]
tests/test_build_features.py::test_build_feature_dataset_returns_dataframe PASSED [  6%]
tests/test_build_features.py::test_build_feature_dataset_contains_recent_form_features PASSED [  6%]
tests/test_build_features.py::test_build_feature_dataset_keeps_targets PASSED [  6%]
tests/test_calibration.py::test_split_train_calibration_is_chronological PASSED [  7%]
tests/test_calibration.py::test_create_calibration_report_columns PASSED [  7%]
tests/test_calibration.py::test_probability_quality_report_ranks_models PASSED [  8%]
tests/test_cleaning_pipeline.py::test_clean_historical_results PASSED    [  8%]
tests/test_cleaning_pipeline.py::test_convert_historical_results_to_canonical PASSED [  8%]
tests/test_cleaning_pipeline.py::test_canonical_contains_expected_columns PASSED [  9%]
tests/test_cleaning_pipeline.py::test_result_labels_are_valid PASSED     [  9%]
tests/test_cleaning_pipeline.py::test_team_a_not_equal_team_b PASSED     [  9%]
tests/test_data_loading.py::test_load_sample_matches_returns_dataframe PASSED [ 10%]
tests/test_data_loading.py::test_load_sample_matches_has_rows PASSED     [ 10%]
tests/test_data_sources.py::test_data_sources_has_expected_keys PASSED   [ 11%]
tests/test_data_sources.py::test_each_source_has_required_columns PASSED [ 11%]
tests/test_data_sources.py::test_each_sample_path_exists PASSED          [ 11%]
tests/test_dataset_loading.py::test_load_historical_results_returns_dataframe PASSED [ 12%]
tests/test_dataset_loading.py::test_load_fifa_rankings_returns_dataframe PASSED [ 12%]
tests/test_dataset_loading.py::test_load_elo_ratings_returns_dataframe PASSED [ 13%]
tests/test_dataset_loading.py::test_load_wc2026_teams_returns_dataframe PASSED [ 13%]
tests/test_dataset_loading.py::test_load_wc2026_groups_returns_dataframe PASSED [ 13%]
tests/test_dataset_loading.py::test_load_wc2026_schedule_returns_dataframe PASSED [ 14%]
tests/test_dataset_validation.py::test_validate_historical_results_sample PASSED [ 14%]
tests/test_dataset_validation.py::test_validate_fifa_rankings_sample PASSED [ 14%]
tests/test_dataset_validation.py::test_validate_elo_ratings_sample PASSED [ 15%]
tests/test_dataset_validation.py::test_validate_wc2026_schedule_sample PASSED [ 15%]
tests/test_evaluate_model.py::test_multiclass_brier_score_returns_float PASSED [ 16%]
tests/test_evaluate_model.py::test_evaluate_classifier_works_on_tiny_classifier PASSED [ 16%]
tests/test_evaluate_model.py::test_classification_report_to_dataframe_returns_dataframe PASSED [ 16%]
tests/test_evaluate_model.py::test_confusion_matrix_to_dataframe_returns_dataframe PASSED [ 17%]
tests/test_evaluate_model.py::test_choose_best_model_prefers_lowest_log_loss PASSED [ 17%]
tests/test_explain_prediction.py::test_is_shap_available_returns_bool PASSED [ 18%]
tests/test_explain_prediction.py::test_align_feature_row_for_explanation_aligns_columns PASSED [ 18%]
tests/test_explain_prediction.py::test_get_model_probability_change_explanation_returns_dataframe PASSED [ 18%]
tests/test_explain_prediction.py::test_create_natural_language_explanation_returns_string PASSED [ 19%]
tests/test_explain_prediction.py::test_explain_future_match_prediction_monkeypatched PASSED [ 19%]
tests/test_explain_prediction.py::test_save_explanation_report_writes_csv PASSED [ 19%]
tests/test_explain_scripts.py::test_explain_future_match_script_smoke PASSED [ 20%]
tests/test_explain_scripts.py::test_inspect_global_explanation_script_smoke PASSED [ 20%]
tests/test_feature_engineering.py::test_basic_feature_pipeline PASSED    [ 21%]
tests/test_full_tournament.py::test_run_full_tournament_single_returns_expected_keys PASSED [ 21%]
tests/test_full_tournament.py::test_full_match_log_has_104_matches_for_full_setup PASSED [ 21%]
tests/test_full_tournament.py::test_summary_has_podium_fields PASSED     [ 22%]
tests/test_full_tournament.py::test_validation_passes_for_real_seed_42_run PASSED [ 22%]
tests/test_full_tournament_reports.py::test_create_full_tournament_stage_results_returns_required_stages PASSED [ 22%]
tests/test_full_tournament_reports.py::test_create_full_tournament_path_report_has_48_teams PASSED [ 23%]
tests/test_full_tournament_reports.py::test_validate_full_tournament_catches_missing_champion_or_wrong_match_count PASSED [ 23%]
tests/test_future_match_features.py::test_create_future_canonical_match_row_validates_and_builds PASSED [ 24%]
tests/test_future_match_features.py::test_create_future_canonical_match_row_rejects_same_team PASSED [ 24%]
tests/test_future_match_features.py::test_generate_future_match_feature_row_returns_one_row PASSED [ 24%]
tests/test_future_match_features.py::test_future_features_use_only_matches_before_date PASSED [ 25%]
tests/test_future_match_features.py::test_ranking_features_are_added_when_team_strength_exists PASSED [ 25%]
tests/test_future_match_features.py::test_get_available_teams_returns_sorted_non_empty FAILED [ 26%]
tests/test_future_prediction.py::test_predict_future_match_with_monkeypatched_model PASSED [ 26%]
tests/test_future_prediction.py::test_predict_match_result_returns_clear_error_when_missing_model PASSED [ 26%]
tests/test_future_prediction.py::test_predict_future_match_same_team_validation PASSED [ 27%]
tests/test_future_prediction.py::test_predict_future_match_missing_model_raises_clear_error PASSED [ 27%]
tests/test_future_prediction.py::test_probability_dict_contains_expected_keys PASSED [ 27%]
tests/test_future_prediction_scripts.py::test_inspect_future_feature_row_main_smoke PASSED [ 28%]
tests/test_future_prediction_scripts.py::test_predict_future_match_main_smoke PASSED [ 28%]
tests/test_group_stage_simulation.py::test_normalize_probabilities_handles_valid_probabilities PASSED [ 29%]
tests/test_group_stage_simulation.py::test_normalize_probabilities_handles_missing_or_zero_probabilities PASSED [ 29%]
tests/test_group_stage_simulation.py::test_sample_match_result_returns_valid_label PASSED [ 29%]
tests/test_group_stage_simulation.py::test_sample_scoreline_consistent_with_result_label PASSED [ 30%]
tests/test_group_stage_simulation.py::test_simulate_group_match_returns_required_columns PASSED [ 30%]
tests/test_group_stage_simulation.py::test_simulate_group_stage_returns_expected_rows_for_small_fixture_set PASSED [ 31%]
tests/test_group_stage_tables.py::test_build_group_tables_computes_points_correctly PASSED [ 31%]
tests/test_group_stage_tables.py::test_rank_group_tables_tiebreak_order PASSED [ 31%]
tests/test_group_stage_tables.py::test_select_group_qualifiers_returns_top_two_plus_best_thirds PASSED [ 32%]
tests/test_group_stage_tables.py::test_validate_group_stage_simulation_passes_for_valid_generated_data PASSED [ 32%]
tests/test_historical_features.py::test_get_team_match_history_excludes_current_and_future_matches PASSED [ 32%]
tests/test_historical_features.py::test_get_team_perspective_history_returns_correct_goals PASSED [ 33%]
tests/test_historical_features.py::test_summarize_team_history_counts PASSED [ 33%]
tests/test_historical_features.py::test_summarize_recent_form_respects_window_size PASSED [ 34%]
tests/test_historical_features.py::test_build_historical_features_for_match_creates_diff_features PASSED [ 34%]
tests/test_improved_prediction.py::test_load_best_available_model_falls_back_to_baseline_if_missing_improved PASSED [ 34%]
tests/test_improved_prediction.py::test_predict_from_feature_row_prefers_improved_when_available PASSED [ 35%]
tests/test_improved_prediction.py::test_predict_match_result_returns_real_future_prediction PASSED [ 35%]
tests/test_knockout_simulation.py::test_convert_to_no_draw_probabilities_returns_normalized_knockout_distribution PASSED [ 36%]
tests/test_knockout_simulation.py::test_sample_knockout_winner_returns_one_of_the_two_teams PASSED [ 36%]
tests/test_knockout_simulation.py::test_sample_knockout_scoreline_returns_valid_scoreline_and_method PASSED [ 36%]
tests/test_knockout_simulation.py::test_create_round_of_32_bracket_creates_sixteen_matches PASSED [ 37%]
tests/test_knockout_simulation.py::test_build_next_round_matches_pairs_winners_in_order PASSED [ 37%]
tests/test_knockout_validation.py::test_validate_knockout_simulation_passes_for_valid_synthetic_result PASSED [ 37%]
tests/test_knockout_validation.py::test_validate_knockout_simulation_fails_when_champion_missing PASSED [ 38%]
tests/test_knockout_validation.py::test_validate_knockout_simulation_fails_when_counts_are_wrong PASSED [ 38%]
tests/test_model_features.py::test_load_feature_dataset_returns_dataframe PASSED [ 39%]
tests/test_model_features.py::test_select_model_features_excludes_leakage_columns PASSED [ 39%]
tests/test_model_features.py::test_select_model_features_returns_numeric_only PASSED [ 39%]
tests/test_model_features.py::test_select_model_features_y_contains_valid_classes PASSED [ 40%]
tests/test_model_features.py::test_select_model_features_feature_columns_not_empty PASSED [ 40%]
tests/test_monte_carlo.py::test_run_single_tournament_for_monte_carlo_returns_expected_keys PASSED [ 40%]
tests/test_monte_carlo.py::test_build_simulation_results_table_has_one_row_per_simulation PASSED [ 41%]
tests/test_monte_carlo.py::test_build_champion_probabilities_are_between_0_and_1 PASSED [ 41%]
tests/test_monte_carlo.py::test_validate_monte_carlo_outputs_passes_valid_synthetic_data PASSED [ 42%]
tests/test_monte_carlo.py::test_create_monte_carlo_summary_returns_expected_keys PASSED [ 42%]
tests/test_monte_carlo.py::test_run_monte_carlo_simulations_uses_predictor_and_exposes_cache PASSED [ 42%]
tests/test_monte_carlo_report.py::test_create_summary_cards_returns_expected_columns PASSED [ 43%]
tests/test_monte_carlo_report.py::test_create_champion_probability_table_returns_sorted_top_n PASSED [ 43%]
tests/test_monte_carlo_report.py::test_create_stage_probability_table_returns_expected_columns PASSED [ 44%]
tests/test_monte_carlo_report.py::test_create_monte_carlo_insight_text_returns_strings PASSED [ 44%]
tests/test_monte_carlo_report.py::test_generate_monte_carlo_markdown_report_returns_markdown_string PASSED [ 44%]
tests/test_monte_carlo_reports.py::test_build_team_stage_counts_with_synthetic_reports PASSED [ 45%]
tests/test_monte_carlo_reports.py::test_build_team_stage_probabilities_computes_probabilities PASSED [ 45%]
tests/test_monte_carlo_reports.py::test_build_finalists_and_semifinalists_tables_created PASSED [ 45%]
tests/test_monte_carlo_visuals.py::test_plot_champion_probabilities_creates_png PASSED [ 46%]
tests/test_monte_carlo_visuals.py::test_plot_stage_probability_heatmap_creates_png PASSED [ 46%]
tests/test_official_data_contracts.py::test_get_official_contract_returns_required_columns PASSED [ 47%]
tests/test_official_data_contracts.py::test_check_required_columns_detects_missing_columns PASSED [ 47%]
tests/test_official_data_validators.py::test_validate_official_teams_passes_valid_synthetic_48_teams PASSED [ 47%]
tests/test_official_data_validators.py::test_validate_official_teams_fails_duplicate_team PASSED [ 48%]
tests/test_official_data_validators.py::test_validate_official_groups_fails_invalid_group_size PASSED [ 48%]
tests/test_official_data_validators.py::test_validate_official_fixtures_flags_team_not_in_official_teams PASSED [ 49%]
tests/test_official_data_validators.py::test_validate_official_venues_flags_placeholder_venue PASSED [ 49%]
tests/test_official_data_validators.py::test_validate_fixture_team_consistency_checks_group_stage_appearances PASSED [ 49%]
tests/test_official_data_validators.py::test_validate_official_data_bundle_combines_reports PASSED [ 50%]
tests/test_official_prediction_filter.py::test_is_official_team_works PASSED [ 50%]
tests/test_official_prediction_filter.py::test_predict_future_match_with_official_only_rejects_non_official_team PASSED [ 50%]
tests/test_official_prediction_filter.py::test_get_available_teams_official_only_returns_official_teams PASSED [ 51%]
tests/test_player_awards.py::test_validate_player_candidates_passes_valid_data PASSED [ 51%]
tests/test_player_awards.py::test_validate_player_candidates_fails_invalid_position PASSED [ 52%]
tests/test_player_awards.py::test_calculate_position_impact_score_works_for_all_positions PASSED [ 52%]
tests/test_player_awards.py::test_calculate_team_progression_score_returns_expected_positive_score PASSED [ 52%]
tests/test_player_awards.py::test_add_team_progression_to_players_merges_team_probabilities PASSED [ 53%]
tests/test_player_awards.py::test_calculate_golden_ball_predictions_returns_probabilities_summing_to_one PASSED [ 53%]
tests/test_player_awards.py::test_calculate_golden_boot_predictions_returns_probabilities_summing_to_one PASSED [ 54%]
tests/test_player_awards.py::test_calculate_golden_glove_predictions_only_includes_goalkeepers PASSED [ 54%]
tests/test_player_awards.py::test_filter_young_player_candidates_works PASSED [ 54%]
tests/test_player_awards.py::test_calculate_young_player_predictions_only_includes_eligible_players PASSED [ 55%]
tests/test_player_awards.py::test_calculate_player_of_match_proxy_returns_rank PASSED [ 55%]
tests/test_player_awards.py::test_calculate_goal_of_tournament_proxy_returns_rank PASSED [ 55%]
tests/test_player_registry.py::TestPlayerRegistry::test_build_official_squads_summary PASSED [ 56%]
tests/test_player_registry.py::TestPlayerRegistry::test_build_team_player_map PASSED [ 56%]
tests/test_player_registry.py::TestPlayerRegistry::test_merge_player_priors_with_official_players PASSED [ 57%]
tests/test_player_registry.py::TestPlayerRegistry::test_merge_detects_unmatched_priors PASSED [ 57%]
tests/test_predict_match.py::test_load_baseline_model_raises_clear_error_for_missing_file PASSED [ 57%]
tests/test_predict_match.py::test_predict_from_feature_row_returns_probability_keys PASSED [ 58%]
tests/test_predict_match.py::test_predict_existing_match_by_id_works_with_trained_model PASSED [ 58%]
tests/test_prediction_cache.py::test_cached_predictor_reuses_identical_requests PASSED [ 59%]
tests/test_prediction_cache.py::test_cached_predictor_direction_sensitive_keys PASSED [ 59%]
tests/test_prediction_cache.py::test_cache_info_has_expected_keys PASSED [ 59%]
tests/test_prepare_datasets.py::test_prepare_step2_returns_dict PASSED   [ 60%]
tests/test_prepare_datasets.py::test_prepare_step2_creates_canonical_file PASSED [ 60%]
tests/test_prepare_datasets.py::test_prepare_step2_summary_has_row_counts PASSED [ 60%]
tests/test_prepare_full_tournament.py::test_prepare_step14_full_tournament_single_run_returns_status_ok PASSED [ 61%]
tests/test_prepare_full_tournament.py::test_prepare_step14_full_tournament_outputs_exist PASSED [ 61%]
tests/test_prepare_full_tournament.py::test_prepare_step14_full_tournament_validation_report_exists PASSED [ 62%]
tests/test_prepare_full_tournament.py::test_prepare_step14_full_tournament_match_log_has_104_rows PASSED [ 62%]
tests/test_prepare_group_stage.py::test_prepare_step12_group_stage_simulation_returns_status_ok PASSED [ 62%]
